0 info it worked if it ends with ok
1 verbose cli [ 'node',
1 verbose cli   '/Users/ksurdhar/.nvm/v0.10.41/bin/npm',
1 verbose cli   'run',
1 verbose cli   'start' ]
2 info using npm@2.14.13
3 info using node@v0.10.41
4 verbose run-script [ 'prestart', 'start', 'poststart' ]
5 info prestart universal-react@1.0.0
6 info start universal-react@1.0.0
7 verbose unsafe-perm in lifecycle true
8 info universal-react@1.0.0 Failed to exec start script
9 verbose stack Error: universal-react@1.0.0 start: `NODE_ENV=production NODE_PATH=$NODE_PATH:./shared node index`
9 verbose stack Exit status 8
9 verbose stack     at EventEmitter.<anonymous> (/Users/ksurdhar/.nvm/v0.10.41/lib/node_modules/npm/lib/utils/lifecycle.js:214:16)
9 verbose stack     at EventEmitter.emit (events.js:98:17)
9 verbose stack     at ChildProcess.<anonymous> (/Users/ksurdhar/.nvm/v0.10.41/lib/node_modules/npm/lib/utils/spawn.js:24:14)
9 verbose stack     at ChildProcess.emit (events.js:98:17)
9 verbose stack     at maybeClose (child_process.js:766:16)
9 verbose stack     at Process.ChildProcess._handle.onexit (child_process.js:833:5)
10 verbose pkgid universal-react@1.0.0
11 verbose cwd /Users/ksurdhar/projects/react-playground
12 error Darwin 14.3.0
13 error argv "node" "/Users/ksurdhar/.nvm/v0.10.41/bin/npm" "run" "start"
14 error node v0.10.41
15 error npm  v2.14.13
16 error code ELIFECYCLE
17 error universal-react@1.0.0 start: `NODE_ENV=production NODE_PATH=$NODE_PATH:./shared node index`
17 error Exit status 8
18 error Failed at the universal-react@1.0.0 start script 'NODE_ENV=production NODE_PATH=$NODE_PATH:./shared node index'.
18 error This is most likely a problem with the universal-react package,
18 error not with npm itself.
18 error Tell the author that this fails on your system:
18 error     NODE_ENV=production NODE_PATH=$NODE_PATH:./shared node index
18 error You can get their info via:
18 error     npm owner ls universal-react
18 error There is likely additional logging output above.
19 verbose exit [ 1, true ]
